Warning: You are sending unauthenticated requests to the HF Hub. Please set a HF_TOKEN to enable higher rate limits and faster downloads.

=== nealcly/detection-longformer @ 512 tokens ===
Loading nealcly/detection-longformer...
Loading weights:   0%|          | 0/273 [00:00<?, ?it/s]Loading weights: 100%|██████████| 273/273 [00:00<00:00, 69358.83it/s]
[transformers] Initializing global attention on CLS token...
[transformers] Input ids are automatically padded to be a multiple of `config.attention_window`: 512
  inferred 200/2000...
  inferred 400/2000...
  inferred 600/2000...
  inferred 800/2000...
  inferred 1000/2000...
  inferred 1200/2000...
  inferred 1400/2000...
  inferred 1600/2000...
  inferred 1800/2000...
AUC: 0.9796, Acc: 0.8940 (n=2000)

=== nealcly/detection-longformer @ 512 tokens ===
Loading nealcly/detection-longformer...
Loading weights:   0%|          | 0/273 [00:00<?, ?it/s]Loading weights: 100%|██████████| 273/273 [00:00<00:00, 60683.93it/s]
  inferred 200/2000...
  inferred 400/2000...
  inferred 600/2000...
  inferred 800/2000...
  inferred 1000/2000...
  inferred 1200/2000...
  inferred 1400/2000...
  inferred 1600/2000...
  inferred 1800/2000...
AUC: 0.6729, Acc: 0.6645 (n=2000)

=== Summary ===
                       model  max_length      auc  accuracy  n_samples
nealcly/detection-longformer         512 0.979634    0.8940       2000
nealcly/detection-longformer         512 0.672871    0.6645       2000

Saved to /Users/vedang/ZCodeProject/research-paper-framework/papers/ai-detection-at-scale/scripts/../results/fast_sota_eval.csv
